<?xml version="1.0" encoding="UTF-8"?>
<!-- Generated by org.testng.reporters.JUnitReportReporter -->
<testsuite hostname="IBM-8HWTPM3" name="restassuredframework.restassuredday1" tests="5" failures="0" timestamp="1 Jul 2022 10:14:17 GMT" time="2.455" errors="0">
  <testcase name="testcase5" time="0.119" classname="restassuredframework.restassuredday1"/>
  <testcase name="testcase7" time="0.048" classname="restassuredframework.restassuredday1"/>
  <testcase name="testcase3" time="2.168" classname="restassuredframework.restassuredday1"/>
  <testcase name="testcase4" time="0.067" classname="restassuredframework.restassuredday1"/>
  <testcase name="testcase7" time="0.053" classname="restassuredframework.restassuredday1"/>
</testsuite> <!-- restassuredframework.restassuredday1 -->
