<?xml version="1.0" encoding="UTF-8"?>
<!-- Generated by org.testng.reporters.JUnitReportReporter -->
<testsuite hostname="IBM-8HWTPM3" name="restassuredframework.apptestjava" tests="1" failures="0" timestamp="30 Jun 2022 10:26:29 GMT" time="0.001" errors="0">
  <testcase name="fullstack" time="0.001" classname="restassuredframework.apptestjava"/>
</testsuite> <!-- restassuredframework.apptestjava -->
